<?xml version="1.0" encoding="UTF-8"?>
<!-- Generated by org.testng.reporters.JUnitXMLReporter -->
<testsuite ignored="0" hostname="CTAADPG038QFG" failures="0" tests="3" name="Test" time="5.318" errors="0" timestamp="2025-01-24T13:17:06 IST">
  <testcase classname="api.test.TestCreateTweetEndpoint" name="testCreateTweet" time="3.345"/>
  <testcase classname="api.test.TestGetTweetEndpoint" name="testGetATweetDetails" time="0.668"/>
  <testcase classname="api.test.TestGetTweetEndpoint" name="testGetAllTweets" time="0.604"/>
</testsuite> <!-- Test -->
